<?xml version="1.0" encoding="UTF-8"?>
<!-- Generated by org.testng.reporters.JUnitReportReporter -->
<testsuite hostname="DESKTOP-AETDL9P" failures="0" tests="2" name="tests.LoginTest" time="18.056" errors="0" timestamp="2022-12-05T18:52:41 CET" skipped="0">
  <testcase classname="tests.LoginTest" name="loginUserTest" time="8.387"/>
  <system-out/>
  <testcase classname="tests.LoginTest" name="loginUserTest" time="9.669"/>
  <system-out/>
</testsuite> <!-- tests.LoginTest -->
